[20:17:39.9045874][INFO/main.cpp:153] Settings Loaded and logger initialized.
[20:17:39.9046144][INFO/main.cpp:155] Yim's Menu Initializing
[20:17:39.9046166][INFO/main.cpp:156] Git Info
	Branch:	master
	Hash:	c349c9fba23603961d8691b763b519df130bab9d
	Date:	Sat Dec 14 04:33:33 2024
[20:17:39.9046865][INFO/main.cpp:168] Windows 10 Pro Version 22H2 (OS Build 19045.3803)
[20:17:39.9084374][DEBUG/thread_pool.cpp:22] Resizing thread pool from 0 to 4
[20:17:39.9085463][INFO/main.cpp:176] Thread pool initialized.
[20:17:39.9087924][INFO/pointers.hpp:94] GTA5 pointers cache is up to date, using it.
[20:17:39.9088040][INFO/pointers.cpp:2052] Loading pointers instance from cache
[20:17:39.9088099][INFO/pointers.cpp:2061] Pointers cache: Loading 244 fields from the cache
[20:17:39.9088222][DEBUG/module.cpp:55] Waiting for socialclub.dll...
[20:17:39.9088922][INFO/pointers.hpp:94] Social Club pointers cache is up to date, using it.
[20:17:39.9088950][INFO/pointers.cpp:2052] Loading pointers instance from cache
[20:17:39.9088967][INFO/pointers.cpp:2061] Pointers cache: Loading 6 fields from the cache
[20:17:39.9089190][INFO/main.cpp:179] Pointers initialized.
[20:17:39.9089238][INFO/main.cpp:186] Disabled anticheat gameskeleton.
[20:17:39.9149032][INFO/main.cpp:189] Byte Patch Manager initialized.
[20:17:39.9151927][INFO/main.cpp:192] Renderer initialized.
[20:17:39.9227941][INFO/main.cpp:196] Fiber pool initialized.
[20:17:39.9232484][INFO/main.cpp:199] HTTP Client initialized.
[20:17:40.8933039][DEBUG/thread_pool.cpp:96] Thread 16320 executing font_mgr.cpp:37
[20:17:40.8939906][INFO/main.cpp:202] Translation Service initialized.
[20:17:40.9003718][INFO/main.cpp:205] Hooking initialized.
[20:17:40.9091702][DEBUG/gta_data_service.cpp:160] Loading data from cache.
[20:17:40.9091789][INFO/gta_data_service.cpp:172] Loading 1076 peds from cache.
[20:17:40.9099724][INFO/gta_data_service.cpp:194] Loading 882 vehicles from cache.
[20:17:40.9102677][INFO/gta_data_service.cpp:215] Loading 115 weapons from cache.
[20:17:40.9102748][INFO/gta_data_service.cpp:216] Loading 452 weapon components from cache.
[20:17:40.9102774][DEBUG/gta_data_service.cpp:166] Loaded all data from cache.
[20:17:40.9108798][DEBUG/thread_pool.cpp:96] Thread 9152 executing player_database_service.cpp:315
[20:17:40.9110235][INFO/main.cpp:226] Registered service instances...
[20:17:40.9110418][INFO/main.cpp:229] Finished initialising services.
[20:17:40.9111524][INFO/main.cpp:249] Scripts registered.
[20:17:40.9563149][INFO/main.cpp:252] Hooking enabled.
[20:17:40.9563719][INFO/main.cpp:255] Dynamic native hooker initialized.
[20:17:40.9565940][INFO/main.cpp:259] Lua manager initialized.
