[21:48:15.7393764][INFO/main.cpp:153] Settings Loaded and logger initialized.
[21:48:15.7394031][INFO/main.cpp:155] Yim's Menu Initializing
[21:48:15.7394051][INFO/main.cpp:156] Git Info
	Branch:	master
	Hash:	c349c9fba23603961d8691b763b519df130bab9d
	Date:	Sat Dec 14 04:33:33 2024
[21:48:15.7394695][INFO/main.cpp:168] Windows 10 Pro Version 22H2 (OS Build 19045.3803)
[21:48:15.7431656][DEBUG/thread_pool.cpp:22] Resizing thread pool from 0 to 4
[21:48:15.7432859][INFO/main.cpp:176] Thread pool initialized.
[21:48:15.7434976][INFO/pointers.hpp:94] GTA5 pointers cache is up to date, using it.
[21:48:15.7435080][INFO/pointers.cpp:2052] Loading pointers instance from cache
[21:48:15.7435135][INFO/pointers.cpp:2061] Pointers cache: Loading 244 fields from the cache
[21:48:15.7435268][DEBUG/module.cpp:55] Waiting for socialclub.dll...
[21:48:15.7435902][INFO/pointers.hpp:94] Social Club pointers cache is up to date, using it.
[21:48:15.7435928][INFO/pointers.cpp:2052] Loading pointers instance from cache
[21:48:15.7435951][INFO/pointers.cpp:2061] Pointers cache: Loading 6 fields from the cache
[21:48:15.7436139][INFO/main.cpp:179] Pointers initialized.
[21:48:15.7436183][INFO/main.cpp:186] Disabled anticheat gameskeleton.
[21:48:15.7533918][INFO/main.cpp:189] Byte Patch Manager initialized.
[21:48:15.7575183][INFO/main.cpp:192] Renderer initialized.
[21:48:15.8175488][INFO/main.cpp:196] Fiber pool initialized.
[21:48:15.8179841][INFO/main.cpp:199] HTTP Client initialized.
[21:48:16.0314002][DEBUG/thread_pool.cpp:96] Thread 19376 executing font_mgr.cpp:37
[21:48:16.0318020][INFO/main.cpp:202] Translation Service initialized.
[21:48:16.0374475][INFO/main.cpp:205] Hooking initialized.
[21:48:16.0411947][DEBUG/gta_data_service.cpp:160] Loading data from cache.
[21:48:16.0412022][INFO/gta_data_service.cpp:172] Loading 1076 peds from cache.
[21:48:16.0415321][INFO/gta_data_service.cpp:194] Loading 882 vehicles from cache.
[21:48:16.0417952][INFO/gta_data_service.cpp:215] Loading 115 weapons from cache.
[21:48:16.0417990][INFO/gta_data_service.cpp:216] Loading 452 weapon components from cache.
[21:48:16.0418018][DEBUG/gta_data_service.cpp:166] Loaded all data from cache.
[21:48:16.0422455][DEBUG/thread_pool.cpp:96] Thread 10508 executing player_database_service.cpp:315
[21:48:16.0423791][INFO/main.cpp:226] Registered service instances...
[21:48:16.0423959][INFO/main.cpp:229] Finished initialising services.
[21:48:16.0424765][INFO/main.cpp:249] Scripts registered.
[21:48:16.0910594][INFO/main.cpp:252] Hooking enabled.
[21:48:16.0911170][INFO/main.cpp:255] Dynamic native hooker initialized.
[21:48:16.0913333][INFO/main.cpp:259] Lua manager initialized.
