[20:15:37.0834830][INFO/main.cpp:153] Settings Loaded and logger initialized.
[20:15:37.0834954][INFO/main.cpp:155] Yim's Menu Initializing
[20:15:37.0834965][INFO/main.cpp:156] Git Info
	Branch:	master
	Hash:	c349c9fba23603961d8691b763b519df130bab9d
	Date:	Sat Dec 14 04:33:33 2024
[20:15:37.0835513][INFO/main.cpp:168] Windows 10 Pro Version 22H2 (OS Build 19045.3803)
[20:15:37.0865887][DEBUG/thread_pool.cpp:22] Resizing thread pool from 0 to 4
[20:15:37.0866610][INFO/main.cpp:176] Thread pool initialized.
[20:15:37.0870652][INFO/pointers.hpp:94] GTA5 pointers cache is up to date, using it.
[20:15:37.0870748][INFO/pointers.cpp:2052] Loading pointers instance from cache
[20:15:37.0872310][INFO/pointers.cpp:2061] Pointers cache: Loading 244 fields from the cache
[20:15:37.0872398][DEBUG/module.cpp:55] Waiting for socialclub.dll...
[20:15:37.0873431][INFO/pointers.hpp:94] Social Club pointers cache is up to date, using it.
[20:15:37.0873455][INFO/pointers.cpp:2052] Loading pointers instance from cache
[20:15:37.0873467][INFO/pointers.cpp:2061] Pointers cache: Loading 6 fields from the cache
[20:15:37.0873649][INFO/main.cpp:179] Pointers initialized.
[20:15:37.0873686][INFO/main.cpp:186] Disabled anticheat gameskeleton.
[20:15:37.0920828][INFO/main.cpp:189] Byte Patch Manager initialized.
[20:15:37.0922530][INFO/main.cpp:192] Renderer initialized.
[20:15:37.0985024][INFO/main.cpp:196] Fiber pool initialized.
[20:15:37.0988637][INFO/main.cpp:199] HTTP Client initialized.
[20:15:37.1629133][DEBUG/thread_pool.cpp:96] Thread 10300 executing font_mgr.cpp:37
[20:15:37.1633075][INFO/main.cpp:202] Translation Service initialized.
[20:15:37.1678225][INFO/main.cpp:205] Hooking initialized.
[20:15:37.1726931][DEBUG/gta_data_service.cpp:160] Loading data from cache.
[20:15:37.1727004][INFO/gta_data_service.cpp:172] Loading 1076 peds from cache.
[20:15:37.1730153][INFO/gta_data_service.cpp:194] Loading 882 vehicles from cache.
[20:15:37.1732863][INFO/gta_data_service.cpp:215] Loading 115 weapons from cache.
[20:15:37.1732895][INFO/gta_data_service.cpp:216] Loading 452 weapon components from cache.
[20:15:37.1732916][DEBUG/gta_data_service.cpp:166] Loaded all data from cache.
[20:15:37.1739214][DEBUG/thread_pool.cpp:96] Thread 4928 executing player_database_service.cpp:315
[20:15:37.1740312][INFO/main.cpp:226] Registered service instances...
[20:15:37.1740418][INFO/main.cpp:229] Finished initialising services.
[20:15:37.1741135][INFO/main.cpp:249] Scripts registered.
[20:15:37.2081958][INFO/main.cpp:252] Hooking enabled.
[20:15:37.2095205][INFO/main.cpp:255] Dynamic native hooker initialized.
[20:15:37.2097874][INFO/main.cpp:259] Lua manager initialized.
[20:15:37.2999336][INFO/backend.cpp:68] Starting script: Self
[20:15:37.2999478][INFO/backend.cpp:92] Starting script: Weapons
[20:15:37.2999575][INFO/backend.cpp:115] Starting script: Vehicles
[20:15:37.2999632][INFO/backend.cpp:131] Starting script: Miscellaneous
[20:15:37.2999839][INFO/backend.cpp:155] Starting script: Remote
[20:15:37.2999918][INFO/backend.cpp:170] Starting script: Rainbow Paint
[20:15:37.2999942][INFO/backend.cpp:182] Starting script: Disable Control Action
[20:15:37.2999960][INFO/backend.cpp:195] Starting script: World
[20:15:37.3063817][INFO/tunables_service.cpp:36] Loading tunables from cache
[20:16:07.3165508][INFO/queue_dependency.cpp:62] Blocking AC Verifier 0x31BB64
[20:16:07.4539767][INFO/queue_dependency.cpp:62] Blocking AC Verifier 0x679EC0
[20:16:07.4540027][INFO/queue_dependency.cpp:62] Blocking AC Verifier 0x679EE8
[20:16:07.4543009][INFO/queue_dependency.cpp:62] Blocking AC Verifier 0x3384EC
[20:16:07.4543117][INFO/queue_dependency.cpp:62] Blocking AC Verifier 0x3384C4
[20:16:07.4543200][INFO/queue_dependency.cpp:62] Blocking AC Verifier 0x404BCC
[20:16:07.4546459][INFO/queue_dependency.cpp:62] Blocking AC Verifier 0x45E7E4
[20:16:07.4750113][INFO/queue_dependency.cpp:62] Blocking AC Verifier 0x45DA28
[20:16:07.4750311][INFO/queue_dependency.cpp:62] Blocking AC Verifier 0x5CEC2C
[20:16:24.5090593][INFO/queue_dependency.cpp:62] Blocking AC Verifier 0x96DEB4
[20:16:24.5090856][INFO/queue_dependency.cpp:62] Blocking AC Verifier 0xA729B4
[20:16:50.7942585][INFO/battleye_service.cpp:305] BattlEye: Our GUID: 93377e6dd830cc76a8e1d159113946e9
[20:17:10.5008988][INFO/queue_dependency.cpp:62] Blocking AC Verifier 0x679F10
[20:17:10.5009227][INFO/queue_dependency.cpp:62] Blocking AC Verifier 0x679E98
[20:17:12.5716215][net_sync][WARN/received_clone_create.cpp:71] --Nora024-- sent us an object create request with an object ID that is in our usable object ID list. Somebody lied to us...
[20:21:21.9091451][net_sync][WARN/received_clone_create.cpp:71] --Nora024-- sent us an object create request with an object ID that is in our usable object ID list. Somebody lied to us...
[20:41:14.3239951][net_sync][WARN/received_clone_create.cpp:71] andredomenico19 sent us an object create request with an object ID that is in our usable object ID list. Somebody lied to us...
[20:44:21.1727258][net_sync][WARN/received_clone_create.cpp:71] --Nora024-- sent us an object create request with an object ID that is in our usable object ID list. Somebody lied to us...
