[19:11:27.1969779][INFO/main.cpp:153] Settings Loaded and logger initialized.
[19:11:27.1969897][INFO/main.cpp:155] Yim's Menu Initializing
[19:11:27.1969917][INFO/main.cpp:156] Git Info
	Branch:	master
	Hash:	c349c9fba23603961d8691b763b519df130bab9d
	Date:	Sat Dec 14 04:33:33 2024
[19:11:27.1970555][INFO/main.cpp:168] Windows 10 Pro Version 22H2 (OS Build 19045.3803)
[19:11:27.2001926][DEBUG/thread_pool.cpp:22] Resizing thread pool from 0 to 4
[19:11:27.2002715][INFO/main.cpp:176] Thread pool initialized.
[19:11:27.2006318][INFO/pointers.hpp:94] GTA5 pointers cache is up to date, using it.
[19:11:27.2006381][INFO/pointers.cpp:2052] Loading pointers instance from cache
[19:11:27.2006403][INFO/pointers.cpp:2061] Pointers cache: Loading 244 fields from the cache
[19:11:27.2006480][DEBUG/module.cpp:55] Waiting for socialclub.dll...
[19:11:27.2007404][INFO/pointers.hpp:94] Social Club pointers cache is up to date, using it.
[19:11:27.2007430][INFO/pointers.cpp:2052] Loading pointers instance from cache
[19:11:27.2007441][INFO/pointers.cpp:2061] Pointers cache: Loading 6 fields from the cache
[19:11:27.2007608][INFO/main.cpp:179] Pointers initialized.
[19:11:27.2007642][INFO/main.cpp:186] Disabled anticheat gameskeleton.
[19:11:27.2056759][INFO/main.cpp:189] Byte Patch Manager initialized.
[19:11:27.2063743][INFO/main.cpp:192] Renderer initialized.
[19:11:27.2464433][INFO/main.cpp:196] Fiber pool initialized.
[19:11:27.2468011][INFO/main.cpp:199] HTTP Client initialized.
[19:11:27.5033385][DEBUG/thread_pool.cpp:96] Thread 11808 executing font_mgr.cpp:37
[19:11:27.5038754][INFO/main.cpp:202] Translation Service initialized.
[19:11:27.5090094][INFO/main.cpp:205] Hooking initialized.
[19:11:27.5138279][DEBUG/gta_data_service.cpp:160] Loading data from cache.
[19:11:27.5138378][INFO/gta_data_service.cpp:172] Loading 1076 peds from cache.
[19:11:27.5141739][INFO/gta_data_service.cpp:194] Loading 882 vehicles from cache.
[19:11:27.5144602][INFO/gta_data_service.cpp:215] Loading 115 weapons from cache.
[19:11:27.5144633][INFO/gta_data_service.cpp:216] Loading 452 weapon components from cache.
[19:11:27.5144660][DEBUG/gta_data_service.cpp:166] Loaded all data from cache.
[19:11:27.5148812][DEBUG/thread_pool.cpp:96] Thread 1468 executing player_database_service.cpp:315
[19:11:27.5149405][INFO/main.cpp:226] Registered service instances...
[19:11:27.5149510][INFO/main.cpp:229] Finished initialising services.
[19:11:27.5150228][INFO/main.cpp:249] Scripts registered.
[19:11:27.5544203][INFO/main.cpp:252] Hooking enabled.
[19:11:27.5544641][INFO/main.cpp:255] Dynamic native hooker initialized.
[19:11:27.5547125][INFO/main.cpp:259] Lua manager initialized.
[19:11:47.7702520][INFO/backend.cpp:68] Starting script: Self
[19:11:47.7702607][INFO/backend.cpp:92] Starting script: Weapons
[19:11:47.7702697][INFO/backend.cpp:115] Starting script: Vehicles
[19:11:47.7702753][INFO/backend.cpp:131] Starting script: Miscellaneous
[19:11:47.7702930][INFO/backend.cpp:155] Starting script: Remote
[19:11:47.7703022][INFO/backend.cpp:170] Starting script: Rainbow Paint
[19:11:47.7703048][INFO/backend.cpp:182] Starting script: Disable Control Action
[19:11:47.7703069][INFO/backend.cpp:195] Starting script: World
[19:11:47.7887607][INFO/tunables_service.cpp:36] Loading tunables from cache
[19:12:04.7026959][DEBUG/script_function.cpp:21] Found pattern RSD at 0x41BB in script main_persistent
[19:12:23.6089940][INFO/battleye_service.cpp:305] BattlEye: Our GUID: 93377e6dd830cc76a8e1d159113946e9
[19:12:30.0039341][WARN/interloper_reaction.cpp:23] Received SPECTATE_OTHERS from Tutur1641 (68675717), victim is 7Marshmallow
[19:12:32.7030701][WARN/interloper_reaction.cpp:23] Received SPECTATE_OTHERS from Tutur1641 (68675717), victim is LIMBCAT
[19:12:34.6499100][INFO/queue_dependency.cpp:62] Blocking AC Verifier 0x679EC0
[19:12:34.6499274][INFO/queue_dependency.cpp:62] Blocking AC Verifier 0x679EE8
[19:12:34.6499415][INFO/queue_dependency.cpp:62] Blocking AC Verifier 0x31BB64
[19:12:34.6538648][INFO/queue_dependency.cpp:62] Blocking AC Verifier 0x3384EC
[19:12:34.6538863][INFO/queue_dependency.cpp:62] Blocking AC Verifier 0x3384C4
[19:12:34.6539117][INFO/queue_dependency.cpp:62] Blocking AC Verifier 0x404BCC
[19:12:34.6550839][INFO/queue_dependency.cpp:62] Blocking AC Verifier 0x45E7E4
[19:12:34.6551318][INFO/queue_dependency.cpp:62] Blocking AC Verifier 0x45DA28
[19:12:34.7092245][WARN/interloper_reaction.cpp:23] Received SPECTATE_OTHERS from Tutur1641 (68675717), victim is Fun_Zeti
[19:13:13.6578694][INFO/queue_dependency.cpp:62] Blocking AC Verifier 0x96DEB4
[19:13:13.6578987][INFO/queue_dependency.cpp:62] Blocking AC Verifier 0xA729B4
